[ main.py : 402 ]
[ load_tool.py : 94 ]
[ workflow.py : 409 ]
[ workflow.py : 315 ]
[ workflow.py : 197 ]
[ workflow.py : 409 ]
[ workflow.py : 315 ]
[ workflow.py : 197 ]
[ main.py : 648 ]
[ main.py : 402 ]
[ load_tool.py : 94 ]
[ workflow.py : 409 ]
[ workflow.py : 315 ]
[ workflow.py : 197 ]
[ workflow.py : 409 ]
[ workflow.py : 315 ]
[ workflow.py : 197 ]
[ docker.py : 374 ]
[ job.py : 223 ]
[ job.py : 502 ]
[ job.py : 517 ]
[ job.py : 518 ]
[ job.py : 328 ]
[ workflow.py : 282 ]
[ workflow.py : 315 ]
[ workflow.py : 197 ]
[ docker.py : 374 ]
[ job.py : 223 ]
[ job.py : 502 ]
[ job.py : 517 ]
[ job.py : 518 ]
[ job.py : 328 ]
[ workflow.py : 282 ]
[ workflow.py : 255 ]
[ workflow.py : 282 ]
[ workflow.py : 315 ]
[ workflow.py : 197 ]
[ workflow.py : 409 ]
[ workflow.py : 315 ]
[ workflow.py : 197 ]
[ docker.py : 374 ]
[ job.py : 223 ]
[ job.py : 502 ]
[ job.py : 517 ]
[ job.py : 518 ]
[ job.py : 328 ]
[ workflow.py : 282 ]
[ workflow.py : 255 ]
[ workflow.py : 197 ]
[ workflow.py : 409 ]
[ workflow.py : 315 ]
[ workflow.py : 197 ]
[ docker.py : 374 ]
[ job.py : 223 ]
[ job.py : 502 ]
[ job.py : 517 ]
[ job.py : 518 ]
[ main.py : 402 ]
[ load_tool.py : 94 ]
[ workflow.py : 409 ]
[ workflow.py : 315 ]
[ workflow.py : 197 ]
[ workflow.py : 409 ]
[ workflow.py : 315 ]
[ workflow.py : 197 ]
[ docker.py : 374 ]
[ job.py : 223 ]
[ job.py : 502 ]
[ job.py : 517 ]
[ job.py : 518 ]
[ job.py : 328 ]
[ workflow.py : 282 ]
[ workflow.py : 315 ]
[ workflow.py : 197 ]
[ docker.py : 374 ]
[ job.py : 223 ]
[ job.py : 502 ]
[ job.py : 517 ]
[ job.py : 518 ]
[ job.py : 328 ]
[ workflow.py : 282 ]
[ workflow.py : 255 ]
[ workflow.py : 282 ]
[ workflow.py : 315 ]
[ workflow.py : 197 ]
[ workflow.py : 409 ]
[ workflow.py : 315 ]
[ workflow.py : 197 ]
[ docker.py : 374 ]
[ job.py : 223 ]
[ job.py : 502 ]
[ job.py : 517 ]
[ job.py : 518 ]
[ job.py : 328 ]
[ workflow.py : 282 ]
[ workflow.py : 255 ]
[ workflow.py : 197 ]
[ workflow.py : 409 ]
[ workflow.py : 315 ]
[ workflow.py : 197 ]
[ docker.py : 374 ]
[ job.py : 223 ]
[ job.py : 502 ]
[ job.py : 517 ]
[ job.py : 518 ]
[ job.py : 328 ]
[ workflow.py : 282 ]
[ workflow.py : 255 ]
[ workflow.py : 282 ]
[ workflow.py : 255 ]
[ main.py : 633 ]
