[ main.py : 405 ]
[ load_tool.py : 94 ]
[ workflow.py : 409 ]
[ workflow.py : 315 ]
[ workflow.py : 197 ]
[ workflow.py : 409 ]
[ workflow.py : 315 ]
[ workflow.py : 197 ]
[ docker.py : 395 ]
[ job.py : 230 ]
[ job.py : 512 ]
[ job.py : 527 ]
[ job.py : 321 ]
[ job.py : 335 ]
[ workflow.py : 270 ]
[ workflow.py : 270 ]
[ workflow.py : 280 ]
[ workflow.py : 255 ]
[ workflow.py : 280 ]
[ workflow.py : 255 ]
[ main.py : 634 ]
[ main.py : 405 ]
[ load_tool.py : 94 ]
[ workflow.py : 409 ]
[ workflow.py : 315 ]
[ workflow.py : 197 ]
[ workflow.py : 409 ]
[ workflow.py : 315 ]
[ workflow.py : 197 ]
[ docker.py : 395 ]
[ job.py : 230 ]
[ job.py : 512 ]
[ job.py : 527 ]
[ job.py : 321 ]
[ job.py : 335 ]
[ workflow.py : 270 ]
[ workflow.py : 270 ]
[ workflow.py : 280 ]
[ workflow.py : 255 ]
[ workflow.py : 280 ]
[ workflow.py : 255 ]
[ main.py : 634 ]
[ main.py : 405 ]
[ load_tool.py : 94 ]
[ workflow.py : 409 ]
[ workflow.py : 315 ]
[ workflow.py : 197 ]
[ workflow.py : 409 ]
[ workflow.py : 315 ]
[ workflow.py : 197 ]
[ docker.py : 395 ]
[ job.py : 230 ]
[ job.py : 512 ]
[ job.py : 527 ]
[ job.py : 321 ]
[ job.py : 335 ]
[ workflow.py : 270 ]
[ workflow.py : 270 ]
[ workflow.py : 280 ]
[ workflow.py : 255 ]
[ workflow.py : 280 ]
[ workflow.py : 255 ]
[ main.py : 634 ]
[ main.py : 405 ]
[ load_tool.py : 94 ]
[ workflow.py : 409 ]
[ workflow.py : 315 ]
[ workflow.py : 197 ]
[ workflow.py : 409 ]
[ workflow.py : 315 ]
[ workflow.py : 197 ]
[ docker.py : 395 ]
[ job.py : 230 ]
[ job.py : 512 ]
[ job.py : 527 ]
[ job.py : 324 ]
Traceback (most recent call last):
  File "/Users/viki/Documents/cwl_tool/tool/cwltool/job.py", line 284, in _execute
    name=self.name
  File "/Users/viki/Documents/cwl_tool/tool/cwltool/job.py", line 552, in _job_popen
    cwd="~")
  File "/usr/local/lib/python2.7/site-packages/subprocess32.py", line 617, in __init__
    restore_signals, start_new_session)
  File "/usr/local/lib/python2.7/site-packages/subprocess32.py", line 1193, in _execute_child
    for k, v in env.items()]
AttributeError: 'str' object has no attribute 'items'
[ job.py : 335 ]
[ workflow.py : 270 ]
[ workflow.py : 270 ]
[ workflow.py : 280 ]
[ workflow.py : 255 ]
[ workflow.py : 280 ]
[ workflow.py : 255 ]
[ main.py : 634 ]
[ main.py : 405 ]
[ load_tool.py : 94 ]
[ workflow.py : 409 ]
[ workflow.py : 315 ]
[ workflow.py : 197 ]
[ workflow.py : 409 ]
[ workflow.py : 315 ]
[ workflow.py : 197 ]
[ docker.py : 395 ]
[ job.py : 230 ]
[ job.py : 512 ]
[ job.py : 527 ]
[ job.py : 321 ]
[ job.py : 335 ]
[ workflow.py : 270 ]
[ workflow.py : 270 ]
[ workflow.py : 280 ]
[ workflow.py : 255 ]
[ workflow.py : 280 ]
[ workflow.py : 255 ]
[ main.py : 634 ]
[ main.py : 405 ]
[ load_tool.py : 94 ]
[ workflow.py : 409 ]
[ workflow.py : 315 ]
[ workflow.py : 197 ]
[ workflow.py : 409 ]
[ workflow.py : 315 ]
[ workflow.py : 197 ]
[ docker.py : 395 ]
[ job.py : 230 ]
[ job.py : 512 ]
[ job.py : 527 ]
[ job.py : 321 ]
[ job.py : 335 ]
[ workflow.py : 270 ]
[ workflow.py : 270 ]
[ workflow.py : 280 ]
[ workflow.py : 255 ]
[ workflow.py : 280 ]
[ workflow.py : 255 ]
[ main.py : 634 ]
[ main.py : 405 ]
[ load_tool.py : 94 ]
[ workflow.py : 409 ]
[ workflow.py : 315 ]
[ workflow.py : 197 ]
[ workflow.py : 409 ]
[ workflow.py : 315 ]
[ workflow.py : 197 ]
[ docker.py : 395 ]
[ job.py : 230 ]
[ job.py : 512 ]
[ job.py : 527 ]
[ job.py : 321 ]
[ job.py : 335 ]
[ workflow.py : 270 ]
[ workflow.py : 270 ]
[ workflow.py : 280 ]
[ workflow.py : 255 ]
[ workflow.py : 280 ]
[ workflow.py : 255 ]
[ main.py : 634 ]
[ main.py : 405 ]
[ load_tool.py : 94 ]
[ workflow.py : 409 ]
[ workflow.py : 315 ]
[ workflow.py : 197 ]
[ workflow.py : 409 ]
[ workflow.py : 315 ]
[ workflow.py : 197 ]
[ docker.py : 395 ]
[ job.py : 230 ]
[ job.py : 512 ]
[ job.py : 527 ]
[ job.py : 321 ]
[ job.py : 335 ]
[ workflow.py : 270 ]
[ workflow.py : 270 ]
[ workflow.py : 280 ]
[ workflow.py : 255 ]
[ workflow.py : 280 ]
[ workflow.py : 255 ]
[ main.py : 634 ]
[ main.py : 405 ]
[ load_tool.py : 94 ]
[ workflow.py : 409 ]
[ workflow.py : 315 ]
[ workflow.py : 197 ]
[ workflow.py : 409 ]
[ workflow.py : 315 ]
[ workflow.py : 197 ]
[ docker.py : 395 ]
[ job.py : 230 ]
[ job.py : 512 ]
[ job.py : 527 ]
[ job.py : 321 ]
[ job.py : 335 ]
[ workflow.py : 270 ]
[ workflow.py : 270 ]
[ workflow.py : 280 ]
[ workflow.py : 255 ]
[ workflow.py : 280 ]
[ workflow.py : 255 ]
[ main.py : 634 ]
[ main.py : 405 ]
[ load_tool.py : 94 ]
[ workflow.py : 409 ]
[ workflow.py : 315 ]
[ workflow.py : 197 ]
[ workflow.py : 409 ]
[ workflow.py : 315 ]
[ workflow.py : 197 ]
[ docker.py : 395 ]
[ job.py : 230 ]
[ job.py : 512 ]
[ job.py : 527 ]
[ job.py : 321 ]
[ job.py : 335 ]
[ workflow.py : 270 ]
[ workflow.py : 270 ]
[ workflow.py : 280 ]
[ workflow.py : 255 ]
[ workflow.py : 280 ]
[ workflow.py : 255 ]
[ main.py : 634 ]
[ main.py : 405 ]
[ load_tool.py : 94 ]
[ workflow.py : 409 ]
[ workflow.py : 315 ]
[ workflow.py : 197 ]
[ workflow.py : 409 ]
[ workflow.py : 315 ]
[ workflow.py : 197 ]
[ docker.py : 395 ]
[ job.py : 230 ]
[ job.py : 512 ]
[ job.py : 527 ]
[ job.py : 324 ]
Traceback (most recent call last):
  File "/Users/viki/Documents/cwl_tool/tool/cwltool/job.py", line 284, in _execute
    name=self.name
  File "/Users/viki/Documents/cwl_tool/tool/cwltool/job.py", line 559, in _job_popen
    print "viki : ",str(currentframe().filename), str(currentframe().frameinfo.lineno)
AttributeError: 'frame' object has no attribute 'filename'
[ job.py : 335 ]
[ workflow.py : 270 ]
[ workflow.py : 270 ]
[ workflow.py : 280 ]
[ workflow.py : 255 ]
[ workflow.py : 280 ]
[ workflow.py : 255 ]
[ main.py : 634 ]
[ main.py : 405 ]
[ load_tool.py : 94 ]
[ workflow.py : 409 ]
[ workflow.py : 315 ]
[ workflow.py : 197 ]
[ workflow.py : 409 ]
[ workflow.py : 315 ]
[ workflow.py : 197 ]
[ docker.py : 395 ]
[ job.py : 230 ]
[ job.py : 512 ]
[ job.py : 527 ]
[ job.py : 324 ]
Traceback (most recent call last):
  File "/Users/viki/Documents/cwl_tool/tool/cwltool/job.py", line 284, in _execute
    name=self.name
  File "/Users/viki/Documents/cwl_tool/tool/cwltool/job.py", line 559, in _job_popen
    print "viki : {}".format(currentframe().filename, currentframe().frameinfo.lineno)
AttributeError: 'frame' object has no attribute 'filename'
[ job.py : 335 ]
[ workflow.py : 270 ]
[ workflow.py : 270 ]
[ workflow.py : 280 ]
[ workflow.py : 255 ]
[ workflow.py : 280 ]
[ workflow.py : 255 ]
[ main.py : 634 ]
[ main.py : 405 ]
[ load_tool.py : 94 ]
[ workflow.py : 409 ]
[ workflow.py : 315 ]
[ workflow.py : 197 ]
[ workflow.py : 409 ]
[ workflow.py : 315 ]
[ workflow.py : 197 ]
[ docker.py : 395 ]
[ job.py : 230 ]
[ job.py : 512 ]
[ job.py : 527 ]
[ job.py : 324 ]
Traceback (most recent call last):
  File "/Users/viki/Documents/cwl_tool/tool/cwltool/job.py", line 284, in _execute
    name=self.name
  File "/Users/viki/Documents/cwl_tool/tool/cwltool/job.py", line 559, in _job_popen
    print "viki : {}".format(getframeinfo(currentframe()).filename, getframeinfo(currentframe()).frameinfo.lineno)
AttributeError: 'Traceback' object has no attribute 'frameinfo'
[ job.py : 335 ]
[ workflow.py : 270 ]
[ workflow.py : 270 ]
[ workflow.py : 280 ]
[ workflow.py : 255 ]
[ workflow.py : 280 ]
[ workflow.py : 255 ]
[ main.py : 634 ]
[ main.py : 405 ]
[ load_tool.py : 94 ]
[ workflow.py : 409 ]
[ workflow.py : 315 ]
[ workflow.py : 197 ]
[ workflow.py : 409 ]
[ workflow.py : 315 ]
[ workflow.py : 197 ]
[ docker.py : 395 ]
[ job.py : 230 ]
[ job.py : 512 ]
[ job.py : 527 ]
[ job.py : 324 ]
Traceback (most recent call last):
  File "/Users/viki/Documents/cwl_tool/tool/cwltool/job.py", line 284, in _execute
    name=self.name
  File "/Users/viki/Documents/cwl_tool/tool/cwltool/job.py", line 559, in _job_popen
    print "viki : {}".format(inspect.currentframe().f_back.filename, inspect.currentframe().f_back.frameinfo.lineno)
NameError: global name 'inspect' is not defined
[ job.py : 335 ]
[ workflow.py : 270 ]
[ workflow.py : 270 ]
[ workflow.py : 280 ]
[ workflow.py : 255 ]
[ workflow.py : 280 ]
[ workflow.py : 255 ]
[ main.py : 634 ]
[ main.py : 405 ]
[ load_tool.py : 94 ]
[ workflow.py : 409 ]
[ workflow.py : 315 ]
[ workflow.py : 197 ]
[ workflow.py : 409 ]
[ workflow.py : 315 ]
[ workflow.py : 197 ]
[ docker.py : 395 ]
[ job.py : 230 ]
[ job.py : 512 ]
[ job.py : 527 ]
[ job.py : 324 ]
Traceback (most recent call last):
  File "/Users/viki/Documents/cwl_tool/tool/cwltool/job.py", line 284, in _execute
    name=self.name
  File "/Users/viki/Documents/cwl_tool/tool/cwltool/job.py", line 559, in _job_popen
    print "viki : {}".format(currentframe().f_back.filename, currentframe().f_back.frameinfo.lineno)
AttributeError: 'frame' object has no attribute 'filename'
[ job.py : 335 ]
[ workflow.py : 270 ]
[ workflow.py : 270 ]
[ workflow.py : 280 ]
[ workflow.py : 255 ]
[ workflow.py : 280 ]
[ workflow.py : 255 ]
[ main.py : 634 ]
[ main.py : 405 ]
[ load_tool.py : 94 ]
[ workflow.py : 409 ]
[ workflow.py : 315 ]
[ workflow.py : 197 ]
[ workflow.py : 409 ]
[ workflow.py : 315 ]
[ workflow.py : 197 ]
[ docker.py : 395 ]
[ job.py : 230 ]
[ job.py : 512 ]
[ job.py : 527 ]
[ job.py : 324 ]
Traceback (most recent call last):
  File "/Users/viki/Documents/cwl_tool/tool/cwltool/job.py", line 284, in _execute
    name=self.name
  File "/Users/viki/Documents/cwl_tool/tool/cwltool/job.py", line 559, in _job_popen
    print "viki : {}".format(getframeinfo(currentframe()).f_back.filename,getframeinfo(currentframe()).f_back.frameinfo.lineno)
AttributeError: 'Traceback' object has no attribute 'f_back'
[ job.py : 335 ]
[ workflow.py : 270 ]
[ workflow.py : 270 ]
[ workflow.py : 280 ]
[ workflow.py : 255 ]
[ workflow.py : 280 ]
[ workflow.py : 255 ]
[ main.py : 634 ]
[ main.py : 405 ]
[ load_tool.py : 94 ]
[ workflow.py : 409 ]
[ workflow.py : 315 ]
[ workflow.py : 197 ]
[ workflow.py : 409 ]
[ workflow.py : 315 ]
[ workflow.py : 197 ]
[ docker.py : 395 ]
[ job.py : 230 ]
[ job.py : 512 ]
[ job.py : 527 ]
[ job.py : 321 ]
[ job.py : 335 ]
[ workflow.py : 270 ]
[ workflow.py : 270 ]
[ workflow.py : 280 ]
[ workflow.py : 255 ]
[ workflow.py : 280 ]
[ workflow.py : 255 ]
[ main.py : 634 ]
[ main.py : 405 ]
[ load_tool.py : 94 ]
[ workflow.py : 409 ]
[ workflow.py : 315 ]
[ workflow.py : 197 ]
[ workflow.py : 409 ]
[ workflow.py : 315 ]
[ workflow.py : 197 ]
[ docker.py : 395 ]
[ job.py : 230 ]
[ job.py : 512 ]
[ job.py : 527 ]
[ job.py : 321 ]
[ job.py : 335 ]
[ workflow.py : 270 ]
[ workflow.py : 270 ]
[ workflow.py : 280 ]
[ workflow.py : 255 ]
[ workflow.py : 280 ]
[ workflow.py : 255 ]
[ main.py : 634 ]
[ main.py : 405 ]
[ load_tool.py : 94 ]
[ workflow.py : 409 ]
[ workflow.py : 315 ]
[ workflow.py : 197 ]
[ workflow.py : 409 ]
[ workflow.py : 315 ]
[ workflow.py : 197 ]
[ docker.py : 395 ]
[ job.py : 230 ]
[ job.py : 518 ]
[ job.py : 533 ]
[ job.py : 327 ]
[ job.py : 341 ]
[ workflow.py : 270 ]
[ workflow.py : 270 ]
[ workflow.py : 280 ]
[ workflow.py : 255 ]
[ workflow.py : 280 ]
[ workflow.py : 255 ]
[ main.py : 634 ]
[ main.py : 405 ]
[ load_tool.py : 94 ]
[ workflow.py : 409 ]
[ workflow.py : 315 ]
[ workflow.py : 197 ]
[ workflow.py : 409 ]
[ workflow.py : 315 ]
[ workflow.py : 197 ]
[ docker.py : 395 ]
[ job.py : 230 ]
[ job.py : 524 ]
[ job.py : 539 ]
[ job.py : 332 ]
[ job.py : 347 ]
[ workflow.py : 270 ]
[ workflow.py : 270 ]
[ workflow.py : 280 ]
[ workflow.py : 255 ]
[ workflow.py : 280 ]
[ workflow.py : 255 ]
[ main.py : 634 ]
[ main.py : 405 ]
[ load_tool.py : 94 ]
[ workflow.py : 409 ]
[ workflow.py : 315 ]
[ workflow.py : 197 ]
[ workflow.py : 409 ]
[ workflow.py : 315 ]
[ workflow.py : 197 ]
[ docker.py : 395 ]
[ job.py : 230 ]
[ job.py : 526 ]
[ job.py : 541 ]
[ job.py : 351 ]
[ workflow.py : 270 ]
[ workflow.py : 270 ]
[ workflow.py : 280 ]
[ workflow.py : 255 ]
[ workflow.py : 280 ]
[ workflow.py : 255 ]
[ main.py : 634 ]
[ main.py : 405 ]
[ load_tool.py : 94 ]
[ workflow.py : 409 ]
[ workflow.py : 315 ]
[ workflow.py : 197 ]
[ workflow.py : 409 ]
[ workflow.py : 315 ]
[ workflow.py : 197 ]
[ docker.py : 395 ]
[ job.py : 230 ]
[ job.py : 526 ]
[ job.py : 541 ]
[ job.py : 351 ]
[ workflow.py : 282 ]
[ workflow.py : 315 ]
[ workflow.py : 197 ]
[ docker.py : 395 ]
[ job.py : 230 ]
[ job.py : 526 ]
[ job.py : 541 ]
[ job.py : 351 ]
[ workflow.py : 282 ]
[ workflow.py : 255 ]
[ workflow.py : 282 ]
[ workflow.py : 315 ]
[ workflow.py : 197 ]
[ workflow.py : 409 ]
[ workflow.py : 315 ]
[ workflow.py : 197 ]
[ docker.py : 395 ]
[ job.py : 230 ]
[ job.py : 526 ]
[ job.py : 541 ]
[ job.py : 351 ]
[ workflow.py : 282 ]
[ workflow.py : 255 ]
[ workflow.py : 197 ]
[ workflow.py : 409 ]
[ workflow.py : 315 ]
[ workflow.py : 197 ]
[ docker.py : 395 ]
[ job.py : 230 ]
[ job.py : 526 ]
[ job.py : 541 ]
[ job.py : 351 ]
[ workflow.py : 282 ]
[ workflow.py : 255 ]
[ workflow.py : 282 ]
[ workflow.py : 255 ]
[ main.py : 636 ]
[ main.py : 405 ]
[ load_tool.py : 94 ]
[ workflow.py : 409 ]
[ workflow.py : 315 ]
[ workflow.py : 197 ]
[ workflow.py : 409 ]
[ workflow.py : 315 ]
[ workflow.py : 197 ]
[ docker.py : 395 ]
[ job.py : 230 ]
[ job.py : 526 ]
[ job.py : 541 ]
[ job.py : 351 ]
[ workflow.py : 282 ]
[ workflow.py : 315 ]
[ workflow.py : 197 ]
[ docker.py : 395 ]
[ job.py : 230 ]
[ job.py : 526 ]
[ job.py : 541 ]
[ job.py : 351 ]
[ workflow.py : 282 ]
[ workflow.py : 255 ]
[ workflow.py : 282 ]
[ workflow.py : 315 ]
[ workflow.py : 197 ]
[ workflow.py : 409 ]
[ workflow.py : 315 ]
[ workflow.py : 197 ]
[ docker.py : 395 ]
[ job.py : 230 ]
[ job.py : 526 ]
[ job.py : 541 ]
[ job.py : 351 ]
[ workflow.py : 282 ]
[ workflow.py : 255 ]
[ workflow.py : 197 ]
[ workflow.py : 409 ]
[ workflow.py : 315 ]
[ workflow.py : 197 ]
[ docker.py : 395 ]
[ job.py : 230 ]
[ job.py : 526 ]
[ job.py : 541 ]
[ job.py : 351 ]
[ workflow.py : 282 ]
[ workflow.py : 255 ]
[ workflow.py : 282 ]
[ workflow.py : 255 ]
[ main.py : 636 ]
[ main.py : 405 ]
[ load_tool.py : 94 ]
[ workflow.py : 409 ]
[ workflow.py : 315 ]
[ workflow.py : 197 ]
[ workflow.py : 409 ]
[ workflow.py : 315 ]
[ workflow.py : 197 ]
[ docker.py : 395 ]
[ job.py : 230 ]
[ job.py : 526 ]
[ job.py : 541 ]
[ job.py : 351 ]
[ workflow.py : 282 ]
[ workflow.py : 315 ]
[ workflow.py : 197 ]
[ docker.py : 395 ]
[ job.py : 230 ]
[ job.py : 526 ]
[ job.py : 541 ]
[ job.py : 351 ]
[ workflow.py : 282 ]
[ workflow.py : 255 ]
[ workflow.py : 282 ]
[ workflow.py : 315 ]
[ workflow.py : 197 ]
[ workflow.py : 409 ]
[ workflow.py : 315 ]
[ workflow.py : 197 ]
[ docker.py : 395 ]
[ job.py : 230 ]
[ job.py : 526 ]
[ job.py : 541 ]
[ job.py : 351 ]
[ workflow.py : 282 ]
[ workflow.py : 255 ]
[ workflow.py : 197 ]
[ workflow.py : 409 ]
[ workflow.py : 315 ]
[ workflow.py : 197 ]
[ docker.py : 395 ]
[ job.py : 230 ]
[ job.py : 526 ]
[ job.py : 541 ]
[ job.py : 351 ]
[ workflow.py : 282 ]
[ workflow.py : 255 ]
[ workflow.py : 282 ]
[ workflow.py : 255 ]
[ main.py : 636 ]
[ main.py : 405 ]
[ load_tool.py : 94 ]
[ workflow.py : 409 ]
[ workflow.py : 315 ]
[ workflow.py : 197 ]
[ workflow.py : 409 ]
[ workflow.py : 315 ]
[ workflow.py : 197 ]
[ docker.py : 395 ]
[ job.py : 230 ]
[ job.py : 526 ]
[ job.py : 541 ]
[ job.py : 351 ]
[ workflow.py : 282 ]
[ workflow.py : 315 ]
[ workflow.py : 197 ]
[ docker.py : 395 ]
[ job.py : 230 ]
[ job.py : 526 ]
[ job.py : 541 ]
[ job.py : 351 ]
[ workflow.py : 282 ]
[ workflow.py : 255 ]
[ workflow.py : 282 ]
[ workflow.py : 315 ]
[ workflow.py : 197 ]
[ workflow.py : 409 ]
[ workflow.py : 315 ]
[ workflow.py : 197 ]
[ docker.py : 395 ]
[ job.py : 230 ]
[ job.py : 526 ]
[ job.py : 541 ]
[ job.py : 351 ]
[ workflow.py : 282 ]
[ workflow.py : 255 ]
[ workflow.py : 197 ]
[ workflow.py : 409 ]
[ workflow.py : 315 ]
[ workflow.py : 197 ]
[ docker.py : 395 ]
[ job.py : 230 ]
[ job.py : 526 ]
[ job.py : 541 ]
[ job.py : 351 ]
[ workflow.py : 282 ]
[ workflow.py : 255 ]
[ workflow.py : 282 ]
[ workflow.py : 255 ]
[ main.py : 636 ]
[ main.py : 405 ]
[ load_tool.py : 94 ]
[ workflow.py : 409 ]
[ workflow.py : 315 ]
[ workflow.py : 197 ]
[ workflow.py : 409 ]
[ workflow.py : 315 ]
[ workflow.py : 197 ]
[ docker.py : 395 ]
[ job.py : 230 ]
[ job.py : 526 ]
[ job.py : 541 ]
[ job.py : 351 ]
[ workflow.py : 282 ]
[ workflow.py : 315 ]
[ workflow.py : 197 ]
[ docker.py : 395 ]
[ job.py : 230 ]
[ job.py : 526 ]
[ job.py : 541 ]
[ job.py : 351 ]
[ workflow.py : 282 ]
[ workflow.py : 255 ]
[ workflow.py : 282 ]
[ workflow.py : 315 ]
[ workflow.py : 197 ]
[ workflow.py : 409 ]
[ workflow.py : 315 ]
[ workflow.py : 197 ]
[ docker.py : 395 ]
[ job.py : 230 ]
[ job.py : 526 ]
[ job.py : 541 ]
[ job.py : 351 ]
[ workflow.py : 282 ]
[ workflow.py : 255 ]
[ workflow.py : 197 ]
[ workflow.py : 409 ]
[ workflow.py : 315 ]
[ workflow.py : 197 ]
[ docker.py : 395 ]
[ job.py : 230 ]
[ job.py : 526 ]
[ job.py : 541 ]
[ job.py : 351 ]
[ workflow.py : 282 ]
[ workflow.py : 255 ]
[ workflow.py : 282 ]
[ workflow.py : 255 ]
[ main.py : 636 ]
[ main.py : 405 ]
[ load_tool.py : 94 ]
[ workflow.py : 409 ]
[ workflow.py : 315 ]
[ workflow.py : 197 ]
[ workflow.py : 409 ]
[ workflow.py : 315 ]
[ workflow.py : 197 ]
[ command_line_tool.py : 357 ]
[ docker.py : 395 ]
[ job.py : 230 ]
[ job.py : 526 ]
[ job.py : 541 ]
[ job.py : 351 ]
[ workflow.py : 282 ]
[ workflow.py : 315 ]
[ workflow.py : 197 ]
[ command_line_tool.py : 357 ]
[ docker.py : 395 ]
[ job.py : 230 ]
[ job.py : 526 ]
[ job.py : 541 ]
[ job.py : 351 ]
[ workflow.py : 282 ]
[ workflow.py : 255 ]
[ workflow.py : 282 ]
[ workflow.py : 315 ]
[ workflow.py : 197 ]
[ workflow.py : 409 ]
[ workflow.py : 315 ]
[ workflow.py : 197 ]
[ command_line_tool.py : 357 ]
[ docker.py : 395 ]
[ job.py : 230 ]
[ job.py : 526 ]
[ job.py : 541 ]
[ job.py : 351 ]
[ workflow.py : 282 ]
[ workflow.py : 255 ]
[ workflow.py : 197 ]
[ workflow.py : 409 ]
[ workflow.py : 315 ]
[ workflow.py : 197 ]
[ command_line_tool.py : 357 ]
[ docker.py : 395 ]
[ job.py : 230 ]
[ job.py : 526 ]
[ job.py : 541 ]
[ job.py : 351 ]
[ workflow.py : 282 ]
[ workflow.py : 255 ]
[ workflow.py : 282 ]
[ workflow.py : 255 ]
[ main.py : 636 ]
[ main.py : 405 ]
[ load_tool.py : 94 ]
[ workflow.py : 409 ]
[ workflow.py : 315 ]
[ workflow.py : 197 ]
[ workflow.py : 409 ]
[ workflow.py : 315 ]
[ workflow.py : 197 ]
[ command_line_tool.py : 353 ]
[ workflow.py : 282 ]
[ workflow.py : 315 ]
[ workflow.py : 197 ]
[ command_line_tool.py : 353 ]
[ workflow.py : 282 ]
[ workflow.py : 255 ]
[ workflow.py : 282 ]
[ workflow.py : 315 ]
[ workflow.py : 197 ]
[ workflow.py : 409 ]
[ workflow.py : 315 ]
[ workflow.py : 197 ]
[ command_line_tool.py : 353 ]
[ workflow.py : 282 ]
[ workflow.py : 255 ]
[ workflow.py : 197 ]
[ workflow.py : 409 ]
[ workflow.py : 315 ]
[ workflow.py : 197 ]
[ command_line_tool.py : 353 ]
[ workflow.py : 282 ]
[ workflow.py : 255 ]
[ workflow.py : 282 ]
[ workflow.py : 255 ]
[ main.py : 636 ]
[ main.py : 405 ]
[ load_tool.py : 94 ]
[ workflow.py : 409 ]
[ workflow.py : 315 ]
[ workflow.py : 197 ]
[ workflow.py : 409 ]
[ workflow.py : 315 ]
[ workflow.py : 197 ]
[ command_line_tool.py : 353 ]
[ workflow.py : 282 ]
[ workflow.py : 315 ]
[ workflow.py : 197 ]
[ command_line_tool.py : 353 ]
[ workflow.py : 282 ]
[ workflow.py : 255 ]
[ workflow.py : 282 ]
[ workflow.py : 315 ]
[ workflow.py : 197 ]
[ workflow.py : 409 ]
[ workflow.py : 315 ]
[ workflow.py : 197 ]
[ command_line_tool.py : 353 ]
[ workflow.py : 282 ]
[ workflow.py : 255 ]
[ workflow.py : 197 ]
[ workflow.py : 409 ]
[ workflow.py : 315 ]
[ workflow.py : 197 ]
[ command_line_tool.py : 353 ]
[ workflow.py : 282 ]
[ workflow.py : 255 ]
[ workflow.py : 282 ]
[ workflow.py : 255 ]
[ main.py : 636 ]
[ main.py : 405 ]
[ load_tool.py : 94 ]
[ workflow.py : 409 ]
[ workflow.py : 315 ]
[ workflow.py : 197 ]
[ workflow.py : 409 ]
[ workflow.py : 315 ]
[ workflow.py : 197 ]
[ command_line_tool.py : 357 ]
[ main.py : 651 ]
[ main.py : 405 ]
[ load_tool.py : 94 ]
[ workflow.py : 409 ]
[ workflow.py : 315 ]
[ workflow.py : 197 ]
[ workflow.py : 409 ]
[ workflow.py : 315 ]
[ workflow.py : 197 ]
[ command_line_tool.py : 357 ]
[ main.py : 651 ]
[ main.py : 405 ]
[ load_tool.py : 94 ]
[ workflow.py : 409 ]
[ workflow.py : 315 ]
[ workflow.py : 197 ]
[ workflow.py : 409 ]
[ workflow.py : 315 ]
[ workflow.py : 197 ]
[ command_line_tool.py : 357 ]
[ docker.py : 395 ]
[ job.py : 230 ]
[ job.py : 526 ]
[ job.py : 541 ]
[ main.py : 405 ]
[ load_tool.py : 94 ]
[ workflow.py : 409 ]
[ workflow.py : 315 ]
[ workflow.py : 197 ]
[ workflow.py : 409 ]
[ workflow.py : 315 ]
[ workflow.py : 197 ]
[ command_line_tool.py : 357 ]
[ docker.py : 395 ]
[ job.py : 230 ]
[ job.py : 526 ]
[ job.py : 541 ]
[ job.py : 351 ]
[ workflow.py : 282 ]
[ workflow.py : 315 ]
[ workflow.py : 197 ]
[ command_line_tool.py : 357 ]
[ docker.py : 395 ]
[ job.py : 230 ]
[ job.py : 526 ]
[ job.py : 541 ]
[ job.py : 351 ]
[ workflow.py : 282 ]
[ workflow.py : 255 ]
[ workflow.py : 282 ]
[ workflow.py : 315 ]
[ workflow.py : 197 ]
[ workflow.py : 409 ]
[ workflow.py : 315 ]
[ workflow.py : 197 ]
[ command_line_tool.py : 357 ]
[ docker.py : 395 ]
[ job.py : 230 ]
[ job.py : 526 ]
[ job.py : 541 ]
[ job.py : 351 ]
[ workflow.py : 282 ]
[ workflow.py : 255 ]
[ workflow.py : 197 ]
[ workflow.py : 409 ]
[ workflow.py : 315 ]
[ workflow.py : 197 ]
[ command_line_tool.py : 357 ]
[ docker.py : 395 ]
[ job.py : 230 ]
[ job.py : 526 ]
[ job.py : 541 ]
[ job.py : 351 ]
[ workflow.py : 282 ]
[ workflow.py : 255 ]
[ workflow.py : 282 ]
[ workflow.py : 255 ]
[ main.py : 636 ]
[ main.py : 405 ]
[ load_tool.py : 94 ]
[ workflow.py : 409 ]
[ workflow.py : 315 ]
[ workflow.py : 197 ]
[ workflow.py : 409 ]
[ workflow.py : 315 ]
[ workflow.py : 197 ]
[ command_line_tool.py : 353 ]
[ workflow.py : 282 ]
[ workflow.py : 315 ]
[ workflow.py : 197 ]
[ command_line_tool.py : 353 ]
[ workflow.py : 282 ]
[ workflow.py : 255 ]
[ workflow.py : 282 ]
[ workflow.py : 315 ]
[ workflow.py : 197 ]
[ workflow.py : 409 ]
[ workflow.py : 315 ]
[ workflow.py : 197 ]
[ command_line_tool.py : 353 ]
[ workflow.py : 282 ]
[ workflow.py : 255 ]
[ workflow.py : 197 ]
[ workflow.py : 409 ]
[ workflow.py : 315 ]
[ workflow.py : 197 ]
[ command_line_tool.py : 353 ]
[ workflow.py : 282 ]
[ workflow.py : 255 ]
[ workflow.py : 282 ]
[ workflow.py : 255 ]
[ main.py : 636 ]
[ main.py : 405 ]
[ load_tool.py : 94 ]
[ workflow.py : 409 ]
[ workflow.py : 315 ]
[ workflow.py : 197 ]
[ workflow.py : 409 ]
[ workflow.py : 315 ]
[ workflow.py : 197 ]
[ command_line_tool.py : 357 ]
[ docker.py : 395 ]
[ job.py : 233 ]
[ job.py : 529 ]
[ job.py : 544 ]
[ job.py : 341 ]
Traceback (most recent call last):
  File "/Users/viki/cwl_test/tool/cwltool/job.py", line 287, in _execute
    name=self.name
  File "/Users/viki/cwl_test/tool/cwltool/job.py", line 566, in _job_popen
    sproc = viki_job_executer(commands,
NameError: global name 'viki_job_executer' is not defined
[ job.py : 352 ]
[ workflow.py : 270 ]
[ workflow.py : 270 ]
[ workflow.py : 280 ]
[ workflow.py : 255 ]
[ workflow.py : 280 ]
[ workflow.py : 255 ]
[ main.py : 634 ]
[ main.py : 405 ]
[ load_tool.py : 94 ]
[ workflow.py : 409 ]
[ workflow.py : 315 ]
[ workflow.py : 197 ]
[ workflow.py : 409 ]
[ workflow.py : 315 ]
[ workflow.py : 197 ]
[ command_line_tool.py : 357 ]
[ docker.py : 395 ]
[ job.py : 234 ]
[ job.py : 530 ]
[ job.py : 545 ]
[ job.py : 342 ]
Traceback (most recent call last):
  File "/Users/viki/cwl_test/tool/cwltool/job.py", line 288, in _execute
    name=self.name
  File "/Users/viki/cwl_test/tool/cwltool/job.py", line 574, in _job_popen
    cwd=cwd)
TypeError: viki_job_executer() got an unexpected keyword argument 'shell'
[ job.py : 353 ]
[ workflow.py : 270 ]
[ workflow.py : 270 ]
[ workflow.py : 280 ]
[ workflow.py : 255 ]
[ workflow.py : 280 ]
[ workflow.py : 255 ]
[ main.py : 634 ]
[ main.py : 405 ]
[ load_tool.py : 94 ]
[ workflow.py : 409 ]
[ workflow.py : 315 ]
[ workflow.py : 197 ]
[ workflow.py : 409 ]
[ workflow.py : 315 ]
[ workflow.py : 197 ]
[ command_line_tool.py : 357 ]
[ docker.py : 395 ]
[ job.py : 234 ]
[ job.py : 530 ]
[ job.py : 545 ]
[ job.py : 342 ]
Traceback (most recent call last):
  File "/Users/viki/cwl_test/tool/cwltool/job.py", line 288, in _execute
    name=self.name
  File "/Users/viki/cwl_test/tool/cwltool/job.py", line 574, in _job_popen
    cwd=cwd)
TypeError: viki_job_executer() got an unexpected keyword argument 'stdin'
[ job.py : 353 ]
[ workflow.py : 270 ]
[ workflow.py : 270 ]
[ workflow.py : 280 ]
[ workflow.py : 255 ]
[ workflow.py : 280 ]
[ workflow.py : 255 ]
[ main.py : 634 ]
[ main.py : 405 ]
[ load_tool.py : 94 ]
[ workflow.py : 409 ]
[ workflow.py : 315 ]
[ workflow.py : 197 ]
[ workflow.py : 409 ]
[ workflow.py : 315 ]
[ workflow.py : 197 ]
[ command_line_tool.py : 357 ]
[ docker.py : 395 ]
[ job.py : 234 ]
[ job.py : 530 ]
[ job.py : 545 ]
[ job.py : 355 ]
[ workflow.py : 282 ]
[ workflow.py : 315 ]
[ workflow.py : 197 ]
[ command_line_tool.py : 357 ]
[ docker.py : 395 ]
[ job.py : 234 ]
[ job.py : 530 ]
[ job.py : 545 ]
[ job.py : 355 ]
[ workflow.py : 282 ]
[ workflow.py : 255 ]
[ workflow.py : 282 ]
[ workflow.py : 315 ]
[ workflow.py : 197 ]
[ workflow.py : 409 ]
[ workflow.py : 315 ]
[ workflow.py : 197 ]
[ command_line_tool.py : 357 ]
[ docker.py : 395 ]
[ job.py : 234 ]
[ job.py : 530 ]
[ job.py : 545 ]
[ job.py : 355 ]
[ workflow.py : 282 ]
[ workflow.py : 255 ]
[ workflow.py : 197 ]
[ workflow.py : 409 ]
[ workflow.py : 315 ]
[ workflow.py : 197 ]
[ command_line_tool.py : 357 ]
[ docker.py : 395 ]
[ job.py : 234 ]
[ job.py : 530 ]
[ job.py : 545 ]
[ job.py : 355 ]
[ workflow.py : 282 ]
[ workflow.py : 255 ]
[ workflow.py : 282 ]
[ workflow.py : 255 ]
[ main.py : 636 ]
[ main.py : 405 ]
[ load_tool.py : 94 ]
[ main.py : 539 ]
[ main.py : 405 ]
[ load_tool.py : 94 ]
[ main.py : 539 ]
[ main.py : 405 ]
[ load_tool.py : 94 ]
[ workflow.py : 409 ]
[ workflow.py : 315 ]
[ workflow.py : 197 ]
[ workflow.py : 409 ]
[ workflow.py : 315 ]
[ workflow.py : 197 ]
[ command_line_tool.py : 357 ]
[ main.py : 651 ]
[ main.py : 405 ]
[ load_tool.py : 94 ]
[ workflow.py : 409 ]
[ workflow.py : 315 ]
[ workflow.py : 197 ]
[ workflow.py : 409 ]
[ workflow.py : 315 ]
[ workflow.py : 197 ]
[ command_line_tool.py : 357 ]
[ main.py : 651 ]
[ main.py : 405 ]
[ load_tool.py : 94 ]
[ workflow.py : 409 ]
[ workflow.py : 315 ]
[ workflow.py : 197 ]
[ workflow.py : 409 ]
[ workflow.py : 315 ]
[ workflow.py : 197 ]
[ command_line_tool.py : 357 ]
[ docker.py : 398 ]
[ job.py : 234 ]
[ job.py : 530 ]
[ job.py : 355 ]
[ workflow.py : 282 ]
[ workflow.py : 315 ]
[ workflow.py : 197 ]
[ command_line_tool.py : 357 ]
[ docker.py : 398 ]
[ job.py : 234 ]
[ job.py : 530 ]
[ job.py : 355 ]
[ workflow.py : 282 ]
[ workflow.py : 255 ]
[ workflow.py : 282 ]
[ workflow.py : 315 ]
[ workflow.py : 197 ]
[ workflow.py : 409 ]
[ workflow.py : 315 ]
[ workflow.py : 197 ]
[ command_line_tool.py : 357 ]
[ docker.py : 398 ]
[ job.py : 234 ]
[ job.py : 530 ]
[ job.py : 355 ]
[ workflow.py : 282 ]
[ workflow.py : 255 ]
[ workflow.py : 197 ]
[ workflow.py : 409 ]
[ workflow.py : 315 ]
[ workflow.py : 197 ]
[ command_line_tool.py : 357 ]
[ docker.py : 398 ]
[ job.py : 234 ]
[ job.py : 530 ]
[ job.py : 355 ]
[ workflow.py : 282 ]
[ workflow.py : 255 ]
[ workflow.py : 282 ]
[ workflow.py : 255 ]
[ main.py : 636 ]
[ main.py : 405 ]
[ load_tool.py : 94 ]
[ main.py : 532 ]
[ main.py : 405 ]
[ load_tool.py : 94 ]
[ main.py : 539 ]
[ main.py : 405 ]
[ load_tool.py : 94 ]
[ workflow.py : 409 ]
[ workflow.py : 315 ]
[ workflow.py : 197 ]
[ workflow.py : 409 ]
[ workflow.py : 315 ]
[ workflow.py : 197 ]
[ command_line_tool.py : 353 ]
[ workflow.py : 282 ]
[ workflow.py : 315 ]
[ workflow.py : 197 ]
[ command_line_tool.py : 353 ]
[ workflow.py : 282 ]
[ workflow.py : 255 ]
[ workflow.py : 282 ]
[ workflow.py : 315 ]
[ workflow.py : 197 ]
[ workflow.py : 409 ]
[ workflow.py : 315 ]
[ workflow.py : 197 ]
[ command_line_tool.py : 353 ]
[ workflow.py : 282 ]
[ workflow.py : 255 ]
[ workflow.py : 197 ]
[ workflow.py : 409 ]
[ workflow.py : 315 ]
[ workflow.py : 197 ]
[ command_line_tool.py : 353 ]
[ workflow.py : 282 ]
[ workflow.py : 255 ]
[ workflow.py : 282 ]
[ workflow.py : 255 ]
[ main.py : 636 ]
[ main.py : 405 ]
[ load_tool.py : 94 ]
[ workflow.py : 409 ]
[ workflow.py : 315 ]
[ workflow.py : 197 ]
[ workflow.py : 409 ]
[ workflow.py : 315 ]
[ workflow.py : 197 ]
[ command_line_tool.py : 353 ]
[ workflow.py : 282 ]
[ workflow.py : 315 ]
[ workflow.py : 197 ]
[ command_line_tool.py : 353 ]
[ workflow.py : 282 ]
[ workflow.py : 255 ]
[ workflow.py : 282 ]
[ workflow.py : 315 ]
[ workflow.py : 197 ]
[ workflow.py : 409 ]
[ workflow.py : 315 ]
[ workflow.py : 197 ]
[ command_line_tool.py : 353 ]
[ workflow.py : 282 ]
[ workflow.py : 255 ]
[ workflow.py : 197 ]
[ workflow.py : 409 ]
[ workflow.py : 315 ]
[ workflow.py : 197 ]
[ command_line_tool.py : 353 ]
[ workflow.py : 282 ]
[ workflow.py : 255 ]
[ workflow.py : 282 ]
[ workflow.py : 255 ]
[ main.py : 636 ]
[ main.py : 405 ]
[ load_tool.py : 94 ]
[ workflow.py : 409 ]
[ workflow.py : 315 ]
[ workflow.py : 197 ]
[ workflow.py : 409 ]
[ workflow.py : 315 ]
[ workflow.py : 197 ]
[ command_line_tool.py : 357 ]
[ docker.py : 398 ]
[ job.py : 234 ]
[ job.py : 530 ]
[ job.py : 338 ]
[ job.py : 353 ]
[ workflow.py : 270 ]
[ workflow.py : 270 ]
[ workflow.py : 280 ]
[ workflow.py : 255 ]
[ workflow.py : 280 ]
[ workflow.py : 255 ]
[ main.py : 634 ]
[ main.py : 405 ]
[ load_tool.py : 94 ]
[ workflow.py : 409 ]
[ workflow.py : 315 ]
[ workflow.py : 197 ]
[ workflow.py : 409 ]
[ workflow.py : 315 ]
[ workflow.py : 197 ]
[ command_line_tool.py : 357 ]
[ docker.py : 398 ]
[ job.py : 234 ]
[ job.py : 530 ]
[ job.py : 338 ]
[ job.py : 353 ]
[ workflow.py : 270 ]
[ workflow.py : 270 ]
[ workflow.py : 280 ]
[ workflow.py : 255 ]
[ workflow.py : 280 ]
[ workflow.py : 255 ]
[ main.py : 634 ]
[ main.py : 405 ]
[ load_tool.py : 94 ]
[ workflow.py : 409 ]
[ workflow.py : 315 ]
[ workflow.py : 197 ]
[ workflow.py : 409 ]
[ workflow.py : 315 ]
[ workflow.py : 197 ]
[ command_line_tool.py : 357 ]
[ docker.py : 398 ]
[ job.py : 234 ]
[ job.py : 530 ]
[ job.py : 338 ]
[ job.py : 353 ]
[ workflow.py : 270 ]
[ workflow.py : 270 ]
[ workflow.py : 280 ]
[ workflow.py : 255 ]
[ workflow.py : 280 ]
[ workflow.py : 255 ]
[ main.py : 634 ]
[ main.py : 405 ]
[ load_tool.py : 94 ]
[ workflow.py : 409 ]
[ workflow.py : 315 ]
[ workflow.py : 197 ]
[ workflow.py : 409 ]
[ workflow.py : 315 ]
[ workflow.py : 197 ]
[ command_line_tool.py : 357 ]
[ docker.py : 398 ]
[ job.py : 234 ]
[ job.py : 530 ]
[ job.py : 338 ]
[ job.py : 353 ]
[ workflow.py : 270 ]
[ workflow.py : 270 ]
[ workflow.py : 280 ]
[ workflow.py : 255 ]
[ workflow.py : 280 ]
[ workflow.py : 255 ]
[ main.py : 634 ]
[ main.py : 405 ]
[ load_tool.py : 94 ]
[ workflow.py : 409 ]
[ workflow.py : 315 ]
[ workflow.py : 197 ]
[ workflow.py : 409 ]
[ workflow.py : 315 ]
[ workflow.py : 197 ]
[ command_line_tool.py : 358 ]
[ docker.py : 398 ]
[ job.py : 234 ]
[ job.py : 530 ]
[ job.py : 338 ]
[ job.py : 353 ]
[ workflow.py : 270 ]
[ workflow.py : 270 ]
[ workflow.py : 280 ]
[ workflow.py : 255 ]
[ workflow.py : 280 ]
[ workflow.py : 255 ]
[ main.py : 634 ]
[ main.py : 405 ]
[ load_tool.py : 94 ]
[ workflow.py : 409 ]
[ workflow.py : 315 ]
[ workflow.py : 197 ]
[ workflow.py : 409 ]
[ workflow.py : 315 ]
[ workflow.py : 197 ]
[ command_line_tool.py : 358 ]
[ docker.py : 398 ]
[ job.py : 234 ]
[ job.py : 535 ]
[ job.py : 343 ]
[ job.py : 358 ]
[ workflow.py : 270 ]
[ workflow.py : 270 ]
[ workflow.py : 280 ]
[ workflow.py : 255 ]
[ workflow.py : 280 ]
[ workflow.py : 255 ]
[ main.py : 634 ]
[ main.py : 405 ]
[ load_tool.py : 94 ]
[ workflow.py : 409 ]
[ workflow.py : 315 ]
[ workflow.py : 197 ]
[ workflow.py : 409 ]
[ workflow.py : 315 ]
[ workflow.py : 197 ]
[ command_line_tool.py : 358 ]
[ docker.py : 398 ]
[ job.py : 234 ]
[ job.py : 538 ]
[ job.py : 346 ]
[ job.py : 361 ]
[ workflow.py : 270 ]
[ workflow.py : 270 ]
[ workflow.py : 280 ]
[ workflow.py : 255 ]
[ workflow.py : 280 ]
[ workflow.py : 255 ]
[ main.py : 634 ]
[ main.py : 405 ]
[ load_tool.py : 94 ]
[ main.py : 532 ]
[ main.py : 405 ]
[ load_tool.py : 94 ]
[ workflow.py : 409 ]
[ workflow.py : 315 ]
[ workflow.py : 197 ]
[ workflow.py : 409 ]
[ workflow.py : 315 ]
[ workflow.py : 197 ]
[ command_line_tool.py : 358 ]
[ docker.py : 398 ]
[ job.py : 234 ]
[ job.py : 538 ]
[ main.py : 405 ]
[ load_tool.py : 94 ]
[ workflow.py : 409 ]
[ workflow.py : 315 ]
[ workflow.py : 197 ]
[ workflow.py : 409 ]
[ workflow.py : 315 ]
[ workflow.py : 197 ]
[ command_line_tool.py : 358 ]
[ main.py : 651 ]
[ main.py : 405 ]
[ load_tool.py : 94 ]
[ workflow.py : 315 ]
[ workflow.py : 197 ]
[ workflow.py : 315 ]
[ workflow.py : 197 ]
[ command_line_tool.py : 358 ]
[ main.py : 405 ]
[ load_tool.py : 94 ]
[ workflow.py : 315 ]
[ workflow.py : 197 ]
[ workflow.py : 315 ]
[ workflow.py : 197 ]
[ command_line_tool.py : 358 ]
[ main.py : 405 ]
[ load_tool.py : 94 ]
[ workflow.py : 315 ]
[ workflow.py : 197 ]
[ workflow.py : 315 ]
[ workflow.py : 197 ]
[ command_line_tool.py : 358 ]
[ main.py : 405 ]
[ load_tool.py : 94 ]
[ main.py : 655 ]
[ main.py : 405 ]
[ load_tool.py : 94 ]
[ main.py : 655 ]
[ main.py : 405 ]
[ load_tool.py : 94 ]
[ workflow.py : 315 ]
[ workflow.py : 197 ]
[ workflow.py : 315 ]
[ workflow.py : 197 ]
[ command_line_tool.py : 358 ]
[ main.py : 405 ]
[ load_tool.py : 94 ]
[ executors.py : 170 ]
Traceback (most recent call last):
  File "/Users/viki/cwl_test/tool/cwltool/executors.py", line 142, in run_jobs
    for job in jobiter:
UnboundLocalError: local variable 'jobiter' referenced before assignment
[ main.py : 651 ]
[ main.py : 405 ]
[ load_tool.py : 94 ]
[ workflow.py : 409 ]
[ workflow.py : 315 ]
[ workflow.py : 197 ]
[ workflow.py : 409 ]
[ workflow.py : 315 ]
[ workflow.py : 197 ]
[ command_line_tool.py : 358 ]
[ main.py : 651 ]
[ main.py : 405 ]
[ load_tool.py : 94 ]
[ workflow.py : 409 ]
[ workflow.py : 315 ]
[ workflow.py : 197 ]
[ workflow.py : 409 ]
[ workflow.py : 315 ]
[ workflow.py : 197 ]
[ command_line_tool.py : 358 ]
[ main.py : 651 ]
[ main.py : 405 ]
[ load_tool.py : 94 ]
[ workflow.py : 409 ]
[ workflow.py : 315 ]
[ workflow.py : 197 ]
[ workflow.py : 409 ]
[ workflow.py : 315 ]
[ workflow.py : 197 ]
[ command_line_tool.py : 358 ]
[ main.py : 651 ]
[ main.py : 405 ]
[ load_tool.py : 94 ]
[ workflow.py : 409 ]
[ workflow.py : 315 ]
[ workflow.py : 197 ]
[ workflow.py : 409 ]
[ workflow.py : 315 ]
[ workflow.py : 197 ]
[ command_line_tool.py : 358 ]
[ main.py : 651 ]
[ main.py : 405 ]
[ load_tool.py : 94 ]
[ workflow.py : 409 ]
[ workflow.py : 315 ]
[ workflow.py : 197 ]
[ workflow.py : 409 ]
[ workflow.py : 315 ]
[ workflow.py : 197 ]
[ command_line_tool.py : 358 ]
[ docker.py : 398 ]
[ job.py : 235 ]
[ executors.py : 165 ]
[ executors.py : 193 ]
[ main.py : 634 ]
[ main.py : 405 ]
[ load_tool.py : 94 ]
[ workflow.py : 411 ]
[ workflow.py : 315 ]
[ workflow.py : 197 ]
[ workflow.py : 411 ]
[ workflow.py : 315 ]
[ workflow.py : 197 ]
[ command_line_tool.py : 358 ]
[ docker.py : 398 ]
[ job.py : 235 ]
[ executors.py : 165 ]
[ executors.py : 193 ]
[ main.py : 634 ]
[ main.py : 405 ]
[ load_tool.py : 94 ]
[ workflow.py : 411 ]
[ workflow.py : 315 ]
[ workflow.py : 197 ]
[ workflow.py : 411 ]
[ workflow.py : 315 ]
[ workflow.py : 197 ]
[ command_line_tool.py : 358 ]
[ docker.py : 398 ]
[ job.py : 235 ]
[ executors.py : 165 ]
[ executors.py : 193 ]
[ main.py : 634 ]
[ main.py : 405 ]
[ load_tool.py : 94 ]
[ workflow.py : 411 ]
[ executors.py : 165 ]
[ executors.py : 193 ]
[ main.py : 634 ]
[ main.py : 405 ]
[ load_tool.py : 94 ]
